<?xml version="1.0" encoding="UTF-8"?>
<!-- Generated by org.testng.reporters.JUnitReportReporter -->
<testsuite hostname="Anjali" failures="0" tests="1" name="frameworkpack.ErrorValidation" time="8.889" errors="0" timestamp="2024-06-13T14:23:52 IST" skipped="0">
  <testcase classname="frameworkpack.ErrorValidation" name="placedOrder" time="8.889"/>
</testsuite> <!-- frameworkpack.ErrorValidation -->
