<?xml version="1.0" encoding="UTF-8"?>
<!-- Generated by org.testng.reporters.JUnitReportReporter -->
<testsuite hostname="Anjali" failures="0" tests="1" name="cucumber.TestNGtestRunner" time="12.827" errors="0" timestamp="2024-06-14T22:04:08 IST" skipped="0">
  <testcase classname="cucumber.TestNGtestRunner" name="runScenario" time="12.827"/>
</testsuite> <!-- cucumber.TestNGtestRunner -->
