<?xml version="1.0" encoding="UTF-8"?>
<!-- Generated by org.testng.reporters.JUnitReportReporter -->
<testsuite hostname="Anjali" failures="0" tests="3" name="frameworkpack.StandAloneTestModified" time="32.388" errors="0" timestamp="2024-06-13T14:23:52 IST" skipped="0">
  <testcase classname="frameworkpack.StandAloneTestModified" name="placedOrder" time="14.121"/>
  <testcase classname="frameworkpack.StandAloneTestModified" name="placedOrder" time="12.856"/>
  <testcase classname="frameworkpack.StandAloneTestModified" name="OrderHistory" time="5.411"/>
</testsuite> <!-- frameworkpack.StandAloneTestModified -->
